# JRE version: Java(TM) SE Runtime Environment (8.0_102-b14) (build 1.8.0_102-b14)
# Java VM: Java HotSpot(TM) 64-Bit Server VM (25.102-b14 mixed mode windows-amd64 compressed oops)
Heap:
 PSYoungGen      total 379904K, used 335655K [0x00000000e0000000, 0x00000000f9100000, 0x0000000100000000)
  eden space 368128K, 88% used [0x00000000e0000000,0x00000000f3c73408,0x00000000f6780000)
  from space 11776K, 98% used [0x00000000f8580000,0x00000000f90d6840,0x00000000f9100000)
  to   space 19456K, 0% used [0x00000000f6b00000,0x00000000f6b00000,0x00000000f7e00000)
 ParOldGen       total 130048K, used 38896K [0x00000000a0000000, 0x00000000a7f00000, 0x00000000e0000000)
  object space 130048K, 29% used [0x00000000a0000000,0x00000000a25fc168,0x00000000a7f00000)
 Metaspace       used 68652K, capacity 70964K, committed 71256K, reserved 1112064K
  class space    used 8787K, capacity 9237K, committed 9304K, reserved 1048576K
GC Heap History (10 events):
Event: 22.302 GC heap before
{Heap before GC invocations=15 (full 3):
 PSYoungGen      total 209920K, used 15847K [0x00000000e0000000, 0x00000000f1280000, 0x0000000100000000)
  eden space 188416K, 0% used [0x00000000e0000000,0x00000000e0000000,0x00000000eb800000)
  from space 21504K, 73% used [0x00000000ecd80000,0x00000000edcf9c08,0x00000000ee280000)
  to   space 22016K, 0% used [0x00000000eb800000,0x00000000eb800000,0x00000000ecd80000)
 ParOldGen       total 101888K, used 29274K [0x00000000a0000000, 0x00000000a6380000, 0x00000000e0000000)
  object space 101888K, 28% used [0x00000000a0000000,0x00000000a1c96be8,0x00000000a6380000)
 Metaspace       used 57104K, capacity 58772K, committed 58968K, reserved 1099776K
  class space    used 7831K, capacity 8167K, committed 8280K, reserved 1048576K
Event: 22.766 GC heap after
Heap after GC invocations=15 (full 3):
 PSYoungGen      total 209920K, used 0K [0x00000000e0000000, 0x00000000f1280000, 0x0000000100000000)
  eden space 188416K, 0% used [0x00000000e0000000,0x00000000e0000000,0x00000000eb800000)
  from space 21504K, 0% used [0x00000000ecd80000,0x00000000ecd80000,0x00000000ee280000)
  to   space 22016K, 0% used [0x00000000eb800000,0x00000000eb800000,0x00000000ecd80000)
 ParOldGen       total 130048K, used 34674K [0x00000000a0000000, 0x00000000a7f00000, 0x00000000e0000000)
  object space 130048K, 26% used [0x00000000a0000000,0x00000000a21dca48,0x00000000a7f00000)
 Metaspace       used 57102K, capacity 58766K, committed 58968K, reserved 1099776K
  class space    used 7831K, capacity 8166K, committed 8280K, reserved 1048576K
}
Event: 5854.008 GC heap before
{Heap before GC invocations=16 (full 3):
 PSYoungGen      total 209920K, used 188416K [0x00000000e0000000, 0x00000000f1280000, 0x0000000100000000)
  eden space 188416K, 100% used [0x00000000e0000000,0x00000000eb800000,0x00000000eb800000)
  from space 21504K, 0% used [0x00000000ecd80000,0x00000000ecd80000,0x00000000ee280000)
  to   space 22016K, 0% used [0x00000000eb800000,0x00000000eb800000,0x00000000ecd80000)
 ParOldGen       total 130048K, used 34674K [0x00000000a0000000, 0x00000000a7f00000, 0x00000000e0000000)
  object space 130048K, 26% used [0x00000000a0000000,0x00000000a21dca48,0x00000000a7f00000)
 Metaspace       used 64582K, capacity 66496K, committed 66648K, reserved 1107968K
  class space    used 8598K, capacity 9019K, committed 9048K, reserved 1048576K
Event: 5854.027 GC heap after
Heap after GC invocations=16 (full 3):
 PSYoungGen      total 210432K, used 8807K [0x00000000e0000000, 0x00000000f3800000, 0x0000000100000000)
  eden space 188416K, 0% used [0x00000000e0000000,0x00000000e0000000,0x00000000eb800000)
  from space 22016K, 40% used [0x00000000eb800000,0x00000000ec099ee8,0x00000000ecd80000)
  to   space 21504K, 0% used [0x00000000f2300000,0x00000000f2300000,0x00000000f3800000)
 ParOldGen       total 130048K, used 34954K [0x00000000a0000000, 0x00000000a7f00000, 0x00000000e0000000)
  object space 130048K, 26% used [0x00000000a0000000,0x00000000a2222a60,0x00000000a7f00000)
 Metaspace       used 64582K, capacity 66496K, committed 66648K, reserved 1107968K
  class space    used 8598K, capacity 9019K, committed 9048K, reserved 1048576K
}
Event: 5972.163 GC heap before
{Heap before GC invocations=17 (full 3):
 PSYoungGen      total 210432K, used 197218K [0x00000000e0000000, 0x00000000f3800000, 0x0000000100000000)
  eden space 188416K, 99% used [0x00000000e0000000,0x00000000eb7fe938,0x00000000eb800000)
  from space 22016K, 40% used [0x00000000eb800000,0x00000000ec099ee8,0x00000000ecd80000)
  to   space 21504K, 0% used [0x00000000f2300000,0x00000000f2300000,0x00000000f3800000)
 ParOldGen       total 130048K, used 34954K [0x00000000a0000000, 0x00000000a7f00000, 0x00000000e0000000)
  object space 130048K, 26% used [0x00000000a0000000,0x00000000a2222a60,0x00000000a7f00000)
 Metaspace       used 66718K, capacity 68678K, committed 68824K, reserved 1110016K
  class space    used 8697K, capacity 9108K, committed 9176K, reserved 1048576K
Event: 5972.184 GC heap after
Heap after GC invocations=17 (full 3):
 PSYoungGen      total 284672K, used 8967K [0x00000000e0000000, 0x00000000f3100000, 0x0000000100000000)
  eden space 270336K, 0% used [0x00000000e0000000,0x00000000e0000000,0x00000000f0800000)
  from space 14336K, 62% used [0x00000000f2300000,0x00000000f2bc1c00,0x00000000f3100000)
  to   space 20992K, 0% used [0x00000000f0800000,0x00000000f0800000,0x00000000f1c80000)
 ParOldGen       total 130048K, used 34962K [0x00000000a0000000, 0x00000000a7f00000, 0x00000000e0000000)
  object space 130048K, 26% used [0x00000000a0000000,0x00000000a2224a60,0x00000000a7f00000)
 Metaspace       used 66718K, capacity 68678K, committed 68824K, reserved 1110016K
  class space    used 8697K, capacity 9108K, committed 9176K, reserved 1048576K
}
Event: 5975.359 GC heap before
{Heap before GC invocations=18 (full 3):
 PSYoungGen      total 284672K, used 278565K [0x00000000e0000000, 0x00000000f3100000, 0x0000000100000000)
  eden space 270336K, 99% used [0x00000000e0000000,0x00000000f07479a8,0x00000000f0800000)
  from space 14336K, 62% used [0x00000000f2300000,0x00000000f2bc1c00,0x00000000f3100000)
  to   space 20992K, 0% used [0x00000000f0800000,0x00000000f0800000,0x00000000f1c80000)
 ParOldGen       total 130048K, used 34962K [0x00000000a0000000, 0x00000000a7f00000, 0x00000000e0000000)
  object space 130048K, 26% used [0x00000000a0000000,0x00000000a2224a60,0x00000000a7f00000)
 Metaspace       used 67466K, capacity 69542K, committed 69720K, reserved 1110016K
  class space    used 8746K, capacity 9180K, committed 9304K, reserved 1048576K
Event: 5975.393 GC heap after
Heap after GC invocations=18 (full 3):
 PSYoungGen      total 291328K, used 11243K [0x00000000e0000000, 0x00000000f9900000, 0x0000000100000000)
  eden space 270336K, 0% used [0x00000000e0000000,0x00000000e0000000,0x00000000f0800000)
  from space 20992K, 53% used [0x00000000f0800000,0x00000000f12fad90,0x00000000f1c80000)
  to   space 19968K, 0% used [0x00000000f8580000,0x00000000f8580000,0x00000000f9900000)
 ParOldGen       total 130048K, used 34970K [0x00000000a0000000, 0x00000000a7f00000, 0x00000000e0000000)
  object space 130048K, 26% used [0x00000000a0000000,0x00000000a2226a60,0x00000000a7f00000)
 Metaspace       used 67466K, capacity 69542K, committed 69720K, reserved 1110016K
  class space    used 8746K, capacity 9180K, committed 9304K, reserved 1048576K
}
Event: 8546.222 GC heap before
{Heap before GC invocations=19 (full 3):
 PSYoungGen      total 291328K, used 281233K [0x00000000e0000000, 0x00000000f9900000, 0x0000000100000000)
  eden space 270336K, 99% used [0x00000000e0000000,0x00000000f07a96b8,0x00000000f0800000)
  from space 20992K, 53% used [0x00000000f0800000,0x00000000f12fad90,0x00000000f1c80000)
  to   space 19968K, 0% used [0x00000000f8580000,0x00000000f8580000,0x00000000f9900000)
 ParOldGen       total 130048K, used 34970K [0x00000000a0000000, 0x00000000a7f00000, 0x00000000e0000000)
  object space 130048K, 26% used [0x00000000a0000000,0x00000000a2226a60,0x00000000a7f00000)
 Metaspace       used 67948K, capacity 70208K, committed 70488K, reserved 1110016K
  class space    used 8767K, capacity 9209K, committed 9304K, reserved 1048576K
Event: 8546.253 GC heap after
Heap after GC invocations=19 (full 3):
 PSYoungGen      total 379904K, used 11610K [0x00000000e0000000, 0x00000000f9100000, 0x0000000100000000)
  eden space 368128K, 0% used [0x00000000e0000000,0x00000000e0000000,0x00000000f6780000)
  from space 11776K, 98% used [0x00000000f8580000,0x00000000f90d6840,0x00000000f9100000)
  to   space 19456K, 0% used [0x00000000f6b00000,0x00000000f6b00000,0x00000000f7e00000)
 ParOldGen       total 130048K, used 38896K [0x00000000a0000000, 0x00000000a7f00000, 0x00000000e0000000)
  object space 130048K, 29% used [0x00000000a0000000,0x00000000a25fc168,0x00000000a7f00000)
 Metaspace       used 67948K, capacity 70208K, committed 70488K, reserved 1110016K
  class space    used 8767K, capacity 9209K, committed 9304K, reserved 1048576K
}

